L 06/17/2022 - 01:02:30: Start of error session.
L 06/17/2022 - 01:02:30: Info (map "bkz_goldbhop") (file "addons/amxmodx/logs/error_20220617.log")
L 06/17/2022 - 01:02:30: [AMXX] Load error 17 (invalid file format or version) (plugin "statsx.amxx")
L 06/17/2022 - 01:14:16: Start of error session.
L 06/17/2022 - 01:14:16: Info (map "bkz_goldbhop") (file "addons/amxmodx/logs/error_20220617.log")
L 06/17/2022 - 01:14:16: [AMXX] Load error 17 (invalid file format or version) (plugin "statsx.amxx")
L 06/17/2022 - 01:34:26: Start of error session.
L 06/17/2022 - 01:34:26: Info (map "de_airstrip") (file "addons/amxmodx/logs/error_20220617.log")
L 06/17/2022 - 01:34:26: [AMXX] Load error 17 (invalid file format or version) (plugin "statsx.amxx")
L 06/17/2022 - 01:54:35: Start of error session.
L 06/17/2022 - 01:54:35: Info (map "cs_havana") (file "addons/amxmodx/logs/error_20220617.log")
L 06/17/2022 - 01:54:35: [AMXX] Load error 17 (invalid file format or version) (plugin "statsx.amxx")
L 06/17/2022 - 02:14:44: Start of error session.
L 06/17/2022 - 02:14:44: Info (map "de_chateau") (file "addons/amxmodx/logs/error_20220617.log")
L 06/17/2022 - 02:14:44: [AMXX] Load error 17 (invalid file format or version) (plugin "statsx.amxx")
L 06/17/2022 - 02:34:53: Start of error session.
L 06/17/2022 - 02:34:53: Info (map "de_aztec") (file "addons/amxmodx/logs/error_20220617.log")
L 06/17/2022 - 02:34:53: [AMXX] Load error 17 (invalid file format or version) (plugin "statsx.amxx")
L 06/17/2022 - 02:55:01: Start of error session.
L 06/17/2022 - 02:55:01: Info (map "as_oilrig") (file "addons/amxmodx/logs/error_20220617.log")
L 06/17/2022 - 02:55:01: [AMXX] Load error 17 (invalid file format or version) (plugin "statsx.amxx")
L 06/17/2022 - 03:15:10: Start of error session.
L 06/17/2022 - 03:15:10: Info (map "cs_siege") (file "addons/amxmodx/logs/error_20220617.log")
L 06/17/2022 - 03:15:10: [AMXX] Load error 17 (invalid file format or version) (plugin "statsx.amxx")
L 06/17/2022 - 03:35:19: Start of error session.
L 06/17/2022 - 03:35:19: Info (map "de_cbble") (file "addons/amxmodx/logs/error_20220617.log")
L 06/17/2022 - 03:35:19: [AMXX] Load error 17 (invalid file format or version) (plugin "statsx.amxx")
L 06/17/2022 - 03:41:22: Start of error session.
L 06/17/2022 - 03:41:22: Info (map "bkz_goldbhop") (file "addons/amxmodx/logs/error_20220617.log")
L 06/17/2022 - 03:41:22: [AMXX] Load error 17 (invalid file format or version) (plugin "statsx.amxx")
L 06/17/2022 - 04:40:48: Start of error session.
L 06/17/2022 - 04:40:48: Info (map "bkz_goldbhop") (file "addons/amxmodx/logs/error_20220617.log")
L 06/17/2022 - 04:40:48: [AMXX] Load error 17 (invalid file format or version) (plugin "statsx.amxx")
L 06/17/2022 - 04:41:52: Start of error session.
L 06/17/2022 - 04:41:52: Info (map "bkz_goldbhop") (file "addons/amxmodx/logs/error_20220617.log")
L 06/17/2022 - 04:41:52: [AMXX] Load error 17 (invalid file format or version) (plugin "statsx.amxx")
L 06/17/2022 - 04:43:39: Start of error session.
L 06/17/2022 - 04:43:39: Info (map "bkz_goldbhop") (file "addons/amxmodx/logs/error_20220617.log")
L 06/17/2022 - 04:43:39: [AMXX] Load error 17 (invalid file format or version) (plugin "statsx.amxx")
